Determining if the pthread_create exist failed with the following output:
Change Dir: //home/mlkeller/cpe473/part5/build/CMakeFiles/CMakeTmp

Run Build Command:/bin/gmake "cmTryCompileExec3383996135/fast"
/bin/gmake -f CMakeFiles/cmTryCompileExec3383996135.dir/build.make CMakeFiles/cmTryCompileExec3383996135.dir/build
gmake[1]: Entering directory `/home/mlkeller/cpe473/part5/build/CMakeFiles/CMakeTmp'
/usr/bin/cmake -E cmake_progress_report //home/mlkeller/cpe473/part5/build/CMakeFiles/CMakeTmp/CMakeFiles 1
Building C object CMakeFiles/cmTryCompileExec3383996135.dir/CheckSymbolExists.c.o
/bin/cc    -o CMakeFiles/cmTryCompileExec3383996135.dir/CheckSymbolExists.c.o   -c //home/mlkeller/cpe473/part5/build/CMakeFiles/CMakeTmp/CheckSymbolExists.c
Linking C executable cmTryCompileExec3383996135
/usr/bin/cmake -E cmake_link_script CMakeFiles/cmTryCompileExec3383996135.dir/link.txt --verbose=1
/bin/cc       CMakeFiles/cmTryCompileExec3383996135.dir/CheckSymbolExists.c.o  -o cmTryCompileExec3383996135 -rdynamic 
CMakeFiles/cmTryCompileExec3383996135.dir/CheckSymbolExists.c.o: In function `main':
CheckSymbolExists.c:(.text+0x16): undefined reference to `pthread_create'
collect2: error: ld returned 1 exit status
gmake[1]: *** [cmTryCompileExec3383996135] Error 1
gmake[1]: Leaving directory `/home/mlkeller/cpe473/part5/build/CMakeFiles/CMakeTmp'
gmake: *** [cmTryCompileExec3383996135/fast] Error 2

File //home/mlkeller/cpe473/part5/build/CMakeFiles/CMakeTmp/CheckSymbolExists.c:
/* */
#include <pthread.h>

int main(int argc, char** argv)
{
  (void)argv;
#ifndef pthread_create
  return ((int*)(&pthread_create))[argc];
#else
  (void)argc;
  return 0;
#endif
}

Determining if the function pthread_create exists in the pthreads failed with the following output:
Change Dir: //home/mlkeller/cpe473/part5/build/CMakeFiles/CMakeTmp

Run Build Command:/bin/gmake "cmTryCompileExec2016672661/fast"
/bin/gmake -f CMakeFiles/cmTryCompileExec2016672661.dir/build.make CMakeFiles/cmTryCompileExec2016672661.dir/build
gmake[1]: Entering directory `/home/mlkeller/cpe473/part5/build/CMakeFiles/CMakeTmp'
/usr/bin/cmake -E cmake_progress_report //home/mlkeller/cpe473/part5/build/CMakeFiles/CMakeTmp/CMakeFiles 1
Building C object CMakeFiles/cmTryCompileExec2016672661.dir/CheckFunctionExists.c.o
/bin/cc   -DCHECK_FUNCTION_EXISTS=pthread_create   -o CMakeFiles/cmTryCompileExec2016672661.dir/CheckFunctionExists.c.o   -c /usr/share/cmake/Modules/CheckFunctionExists.c
Linking C executable cmTryCompileExec2016672661
/usr/bin/cmake -E cmake_link_script CMakeFiles/cmTryCompileExec2016672661.dir/link.txt --verbose=1
/bin/cc   -DCHECK_FUNCTION_EXISTS=pthread_create    CMakeFiles/cmTryCompileExec2016672661.dir/CheckFunctionExists.c.o  -o cmTryCompileExec2016672661 -rdynamic -lpthreads 
/bin/ld: cannot find -lpthreads
collect2: error: ld returned 1 exit status
gmake[1]: *** [cmTryCompileExec2016672661] Error 1
gmake[1]: Leaving directory `/home/mlkeller/cpe473/part5/build/CMakeFiles/CMakeTmp'
gmake: *** [cmTryCompileExec2016672661/fast] Error 2


